  [1m[35m (1258.3ms)[0m  [1m[35mCREATE DATABASE "redditclone_development" ENCODING = 'unicode'[0m
  ↳ bin/rails:9
  [1m[35m (1212.3ms)[0m  [1m[35mCREATE DATABASE "redditclone_test" ENCODING = 'unicode'[0m
  ↳ bin/rails:9
  [1m[35m (224.6ms)[0m  [1m[35mCREATE TABLE "schema_migrations" ("version" character varying NOT NULL PRIMARY KEY)[0m
  ↳ bin/rails:9
  [1m[35m (179.7ms)[0m  [1m[35mCREATE TABLE "ar_internal_metadata" ("key" character varying NOT NULL PRIMARY KEY, "value" character varying, "created_at" timestamp NOT NULL, "updated_at" timestamp NOT NULL)[0m
  ↳ bin/rails:9
  [1m[35m (0.6ms)[0m  [1m[34mSELECT pg_try_advisory_lock(8218155208135281360)[0m
  ↳ bin/rails:9
  [1m[35m (0.6ms)[0m  [1m[34mSELECT "schema_migrations"."version" FROM "schema_migrations" ORDER BY "schema_migrations"."version" ASC[0m
  ↳ bin/rails:9
Migrating to CreateUsers (20210730155637)
  [1m[35m (0.3ms)[0m  [1m[35mBEGIN[0m
  ↳ bin/rails:9
  [1m[35m (142.6ms)[0m  [1m[35mCREATE TABLE "users" ("id" bigserial primary key, "name" character varying NOT NULL, "password_digest" character varying NOT NULL, "session_token" character varying NOT NULL, "created_at" timestamp NOT NULL, "updated_at" timestamp NOT NULL)[0m
  ↳ db/migrate/20210730155637_create_users.rb:3
  [1m[35m (96.8ms)[0m  [1m[35mCREATE  INDEX  "index_users_on_name" ON "users"  ("name")[0m
  ↳ db/migrate/20210730155637_create_users.rb:11
  [1m[35m (72.5ms)[0m  [1m[35mCREATE  INDEX  "index_users_on_session_token" ON "users"  ("session_token")[0m
  ↳ db/migrate/20210730155637_create_users.rb:12
  [1m[36mActiveRecord::SchemaMigration Create (0.6ms)[0m  [1m[32mINSERT INTO "schema_migrations" ("version") VALUES ($1) RETURNING "version"[0m  [["version", "20210730155637"]]
  ↳ bin/rails:9
  [1m[35m (27.9ms)[0m  [1m[35mCOMMIT[0m
  ↳ bin/rails:9
  [1m[36mActiveRecord::InternalMetadata Load (0.4ms)[0m  [1m[34mSELECT  "ar_internal_metadata".* FROM "ar_internal_metadata" WHERE "ar_internal_metadata"."key" = $1 LIMIT $2[0m  [["key", "environment"], ["LIMIT", 1]]
  ↳ bin/rails:9
  [1m[35m (0.3ms)[0m  [1m[35mBEGIN[0m
  ↳ bin/rails:9
  [1m[36mActiveRecord::InternalMetadata Create (0.5ms)[0m  [1m[32mINSERT INTO "ar_internal_metadata" ("key", "value", "created_at", "updated_at") VALUES ($1, $2, $3, $4) RETURNING "key"[0m  [["key", "environment"], ["value", "development"], ["created_at", "2021-07-30 16:04:13.588021"], ["updated_at", "2021-07-30 16:04:13.588021"]]
  ↳ bin/rails:9
  [1m[35m (20.4ms)[0m  [1m[35mCOMMIT[0m
  ↳ bin/rails:9
  [1m[35m (0.4ms)[0m  [1m[34mSELECT pg_advisory_unlock(8218155208135281360)[0m
  ↳ bin/rails:9
  [1m[35m (0.4ms)[0m  [1m[34mSELECT "schema_migrations"."version" FROM "schema_migrations" ORDER BY "schema_migrations"."version" ASC[0m
  ↳ bin/rails:9
  [1m[35m (819.1ms)[0m  [1m[35mCREATE DATABASE "redditclone_development" ENCODING = 'unicode'[0m
  ↳ bin/rails:9
  [1m[35m (711.9ms)[0m  [1m[35mCREATE DATABASE "redditclone_test" ENCODING = 'unicode'[0m
  ↳ bin/rails:9
  [1m[35m (0.5ms)[0m  [1m[34mSELECT "schema_migrations"."version" FROM "schema_migrations" ORDER BY "schema_migrations"."version" ASC[0m
  ↳ bin/rails:9
  [1m[35m (0.4ms)[0m  [1m[34mSELECT pg_try_advisory_lock(8218155208135281360)[0m
  ↳ bin/rails:9
  [1m[35m (0.4ms)[0m  [1m[34mSELECT "schema_migrations"."version" FROM "schema_migrations" ORDER BY "schema_migrations"."version" ASC[0m
  ↳ bin/rails:9
Migrating to CreateSubs (20210730182030)
  [1m[35m (0.3ms)[0m  [1m[35mBEGIN[0m
  ↳ bin/rails:9
  [1m[35m (186.4ms)[0m  [1m[35mCREATE TABLE "subs" ("id" bigserial primary key, "title" character varying NOT NULL, "description" text NOT NULL, "owner_id" integer NOT NULL)[0m
  ↳ db/migrate/20210730182030_create_subs.rb:3
  [1m[35m (1.1ms)[0m  [1m[31mROLLBACK[0m
  ↳ bin/rails:9
  [1m[35m (0.4ms)[0m  [1m[34mSELECT pg_advisory_unlock(8218155208135281360)[0m
  ↳ bin/rails:9
  [1m[35m (0.3ms)[0m  [1m[34mSELECT pg_try_advisory_lock(8218155208135281360)[0m
  ↳ bin/rails:9
  [1m[35m (1.0ms)[0m  [1m[34mSELECT "schema_migrations"."version" FROM "schema_migrations" ORDER BY "schema_migrations"."version" ASC[0m
  ↳ bin/rails:9
Migrating to CreateSubs (20210730182030)
  [1m[35m (0.3ms)[0m  [1m[35mBEGIN[0m
  ↳ bin/rails:9
  [1m[35m (140.9ms)[0m  [1m[35mCREATE TABLE "subs" ("id" bigserial primary key, "title" character varying NOT NULL, "description" text NOT NULL, "owner_id" integer NOT NULL)[0m
  ↳ db/migrate/20210730182030_create_subs.rb:3
  [1m[35m (55.0ms)[0m  [1m[35mCREATE  INDEX  "index_subs_on_title" ON "subs"  ("title")[0m
  ↳ db/migrate/20210730182030_create_subs.rb:9
  [1m[35m (98.4ms)[0m  [1m[35mCREATE  INDEX  "index_subs_on_owner_id" ON "subs"  ("owner_id")[0m
  ↳ db/migrate/20210730182030_create_subs.rb:10
  [1m[36mActiveRecord::SchemaMigration Create (0.5ms)[0m  [1m[32mINSERT INTO "schema_migrations" ("version") VALUES ($1) RETURNING "version"[0m  [["version", "20210730182030"]]
  ↳ bin/rails:9
  [1m[35m (20.1ms)[0m  [1m[35mCOMMIT[0m
  ↳ bin/rails:9
  [1m[36mActiveRecord::InternalMetadata Load (0.4ms)[0m  [1m[34mSELECT  "ar_internal_metadata".* FROM "ar_internal_metadata" WHERE "ar_internal_metadata"."key" = $1 LIMIT $2[0m  [["key", "environment"], ["LIMIT", 1]]
  ↳ bin/rails:9
  [1m[35m (0.3ms)[0m  [1m[35mBEGIN[0m
  ↳ bin/rails:9
  [1m[35m (0.2ms)[0m  [1m[35mCOMMIT[0m
  ↳ bin/rails:9
  [1m[35m (0.4ms)[0m  [1m[34mSELECT pg_advisory_unlock(8218155208135281360)[0m
  ↳ bin/rails:9
  [1m[35m (0.4ms)[0m  [1m[34mSELECT "schema_migrations"."version" FROM "schema_migrations" ORDER BY "schema_migrations"."version" ASC[0m
  ↳ bin/rails:9
  [1m[35m (0.5ms)[0m  [1m[34mSELECT "schema_migrations"."version" FROM "schema_migrations" ORDER BY "schema_migrations"."version" ASC[0m
  ↳ /home/gamestar/.rbenv/versions/2.5.1/bin/annotate:23
Started GET "/" for 127.0.0.1 at 2021-07-30 13:50:02 -0700

ActiveRecord::PendingMigrationError - Migrations are pending. To resolve this issue, run:
        bin/rails db:migrate RAILS_ENV=development:

Started POST "/__better_errors/3b6893dde3ec1553/variables" for 127.0.0.1 at 2021-07-30 13:50:02 -0700
  [1m[35m (10.6ms)[0m  [1m[35mCREATE TABLE "schema_migrations" ("version" character varying NOT NULL PRIMARY KEY)[0m
  ↳ bin/rails:9
  [1m[35m (42.7ms)[0m  [1m[35mCREATE TABLE "ar_internal_metadata" ("key" character varying NOT NULL PRIMARY KEY, "value" character varying, "created_at" timestamp NOT NULL, "updated_at" timestamp NOT NULL)[0m
  ↳ bin/rails:9
  [1m[35m (0.1ms)[0m  [1m[34mSELECT pg_try_advisory_lock(8218155208135281360)[0m
  ↳ bin/rails:9
  [1m[35m (0.5ms)[0m  [1m[34mSELECT "schema_migrations"."version" FROM "schema_migrations" ORDER BY "schema_migrations"."version" ASC[0m
  ↳ bin/rails:9
Migrating to CreateUsers (20210730155637)
  [1m[35m (0.1ms)[0m  [1m[35mBEGIN[0m
  ↳ bin/rails:9
  [1m[35m (23.1ms)[0m  [1m[35mCREATE TABLE "users" ("id" bigserial primary key, "name" character varying NOT NULL, "password_digest" character varying NOT NULL, "session_token" character varying NOT NULL, "created_at" timestamp NOT NULL, "updated_at" timestamp NOT NULL)[0m
  ↳ db/migrate/20210730155637_create_users.rb:3
  [1m[35m (2.6ms)[0m  [1m[35mCREATE  INDEX  "index_users_on_name" ON "users"  ("name")[0m
  ↳ db/migrate/20210730155637_create_users.rb:11
  [1m[35m (2.8ms)[0m  [1m[35mCREATE  INDEX  "index_users_on_session_token" ON "users"  ("session_token")[0m
  ↳ db/migrate/20210730155637_create_users.rb:12
  [1m[36mActiveRecord::SchemaMigration Create (0.6ms)[0m  [1m[32mINSERT INTO "schema_migrations" ("version") VALUES ($1) RETURNING "version"[0m  [["version", "20210730155637"]]
  ↳ bin/rails:9
  [1m[35m (2.3ms)[0m  [1m[35mCOMMIT[0m
  ↳ bin/rails:9
Migrating to CreateSubs (20210730182030)
  [1m[35m (0.1ms)[0m  [1m[35mBEGIN[0m
  ↳ bin/rails:9
  [1m[35m (8.7ms)[0m  [1m[35mCREATE TABLE "subs" ("id" bigserial primary key, "title" character varying NOT NULL, "description" text NOT NULL, "owner_id" integer NOT NULL)[0m
  ↳ db/migrate/20210730182030_create_subs.rb:3
  [1m[35m (3.2ms)[0m  [1m[35mCREATE  INDEX  "index_subs_on_title" ON "subs"  ("title")[0m
  ↳ db/migrate/20210730182030_create_subs.rb:12
  [1m[35m (2.4ms)[0m  [1m[35mCREATE  INDEX  "index_subs_on_owner_id" ON "subs"  ("owner_id")[0m
  ↳ db/migrate/20210730182030_create_subs.rb:13
  [1m[36mActiveRecord::SchemaMigration Create (0.2ms)[0m  [1m[32mINSERT INTO "schema_migrations" ("version") VALUES ($1) RETURNING "version"[0m  [["version", "20210730182030"]]
  ↳ bin/rails:9
  [1m[35m (15.9ms)[0m  [1m[35mCOMMIT[0m
  ↳ bin/rails:9
  [1m[36mActiveRecord::InternalMetadata Load (0.2ms)[0m  [1m[34mSELECT  "ar_internal_metadata".* FROM "ar_internal_metadata" WHERE "ar_internal_metadata"."key" = $1 LIMIT $2[0m  [["key", "environment"], ["LIMIT", 1]]
  ↳ bin/rails:9
  [1m[35m (0.1ms)[0m  [1m[35mBEGIN[0m
  ↳ bin/rails:9
  [1m[36mActiveRecord::InternalMetadata Create (0.2ms)[0m  [1m[32mINSERT INTO "ar_internal_metadata" ("key", "value", "created_at", "updated_at") VALUES ($1, $2, $3, $4) RETURNING "key"[0m  [["key", "environment"], ["value", "development"], ["created_at", "2021-07-30 20:50:36.962424"], ["updated_at", "2021-07-30 20:50:36.962424"]]
  ↳ bin/rails:9
  [1m[35m (1.9ms)[0m  [1m[35mCOMMIT[0m
  ↳ bin/rails:9
  [1m[35m (0.1ms)[0m  [1m[34mSELECT pg_advisory_unlock(8218155208135281360)[0m
  ↳ bin/rails:9
  [1m[35m (0.1ms)[0m  [1m[34mSELECT "schema_migrations"."version" FROM "schema_migrations" ORDER BY "schema_migrations"."version" ASC[0m
  ↳ bin/rails:9
  [1m[35m (0.4ms)[0m  [1m[34mSELECT "schema_migrations"."version" FROM "schema_migrations" ORDER BY "schema_migrations"."version" ASC[0m
  ↳ bin/rails:9
Started GET "/" for 127.0.0.1 at 2021-07-30 13:50:50 -0700
  [1m[35m (0.5ms)[0m  [1m[34mSELECT "schema_migrations"."version" FROM "schema_migrations" ORDER BY "schema_migrations"."version" ASC[0m
  ↳ /home/starship/.rbenv/versions/2.5.1/lib/ruby/gems/2.5.0/gems/activerecord-5.2.6/lib/active_record/log_subscriber.rb:98
Processing by Rails::WelcomeController#index as HTML
  Rendering /home/starship/.rbenv/versions/2.5.1/lib/ruby/gems/2.5.0/gems/railties-5.2.6/lib/rails/templates/rails/welcome/index.html.erb
  Rendered /home/starship/.rbenv/versions/2.5.1/lib/ruby/gems/2.5.0/gems/railties-5.2.6/lib/rails/templates/rails/welcome/index.html.erb (2.2ms)
Completed 200 OK in 11ms (Views: 5.0ms | ActiveRecord: 0.0ms)


Started GET "/users" for 127.0.0.1 at 2021-07-30 13:50:55 -0700
Processing by UsersController#index as HTML
Redirected to http://localhost:3000/session/new
Filter chain halted as :ensure_logged_in rendered or redirected
Completed 302 Found in 1ms (ActiveRecord: 0.0ms)


Started GET "/session/new" for 127.0.0.1 at 2021-07-30 13:50:55 -0700
Processing by SessionsController#new as HTML
Completed 500 Internal Server Error in 28ms (ActiveRecord: 3.6ms)



NoMethodError - undefined method `sesssion_token' for #<User:0x0000000004701c10>
Did you mean?  session_token
               session_token?
               session_token=:
  app/models/user.rb:53:in `ensure_session_token'
  app/controllers/sessions_controller.rb:4:in `new'

Started POST "/__better_errors/d693fa27974e3e81/variables" for 127.0.0.1 at 2021-07-30 13:50:55 -0700
Started GET "/session/new" for 127.0.0.1 at 2021-07-30 13:53:47 -0700
  [1m[35m (0.6ms)[0m  [1m[34mSELECT "schema_migrations"."version" FROM "schema_migrations" ORDER BY "schema_migrations"."version" ASC[0m
  ↳ /home/starship/.rbenv/versions/2.5.1/lib/ruby/gems/2.5.0/gems/activerecord-5.2.6/lib/active_record/log_subscriber.rb:98
Processing by SessionsController#new as HTML
  Rendering sessions/new.html.erb within layouts/application
  Rendered sessions/new.html.erb within layouts/application (1.6ms)
Completed 200 OK in 202ms (Views: 177.2ms | ActiveRecord: 4.5ms)


Started GET "/users/new" for 127.0.0.1 at 2021-07-30 13:54:01 -0700
Processing by UsersController#new as HTML
  Rendering users/new.html.erb within layouts/application
  Rendered users/new.html.erb within layouts/application (0.9ms)
Completed 200 OK in 52ms (Views: 50.8ms | ActiveRecord: 0.0ms)


Started POST "/users" for 127.0.0.1 at 2021-07-30 13:54:09 -0700
Processing by UsersController#create as HTML
  Parameters: {"authenticity_token"=>"f/XqLLGwr3qHooXjTNjryiyKwjC4UGdD+Oke+tA1fjGXI6GbV4PtasbbzMWqWNgbGRV9fDSgqtEA2vl15zfrUQ==", "user"=>{"name"=>"Ben", "password"=>"[FILTERED]"}}
  [1m[35m (0.1ms)[0m  [1m[35mBEGIN[0m
  ↳ app/controllers/users_controller.rb:15
  [1m[36mUser Exists (0.8ms)[0m  [1m[34mSELECT  1 AS one FROM "users" WHERE "users"."name" = $1 LIMIT $2[0m  [["name", "Ben"], ["LIMIT", 1]]
  ↳ app/controllers/users_controller.rb:15
  [1m[36mUser Create (0.6ms)[0m  [1m[32mINSERT INTO "users" ("name", "password_digest", "session_token", "created_at", "updated_at") VALUES ($1, $2, $3, $4, $5) RETURNING "id"[0m  [["name", "Ben"], ["password_digest", "$2a$12$XsRmhkE06Ll37uP706/qL.6bZ5.jvVy7BEs23RjxyoAqV6775yIY2"], ["session_token", "VAtK0ODvw-pbw3vGGxnovw"], ["created_at", "2021-07-30 20:54:09.899043"], ["updated_at", "2021-07-30 20:54:09.899043"]]
  ↳ app/controllers/users_controller.rb:15
  [1m[35m (3.9ms)[0m  [1m[35mCOMMIT[0m
  ↳ app/controllers/users_controller.rb:15
Redirected to http://localhost:3000/users/1
Completed 302 Found in 273ms (ActiveRecord: 5.5ms)


Started GET "/users/1" for 127.0.0.1 at 2021-07-30 13:54:09 -0700
Processing by UsersController#show as HTML
  Parameters: {"id"=>"1"}
Redirected to http://localhost:3000/session/new
Filter chain halted as :ensure_logged_in rendered or redirected
Completed 302 Found in 2ms (ActiveRecord: 0.0ms)


Started GET "/session/new" for 127.0.0.1 at 2021-07-30 13:54:09 -0700
Processing by SessionsController#new as HTML
  Rendering sessions/new.html.erb within layouts/application
  Rendered sessions/new.html.erb within layouts/application (1.1ms)
Completed 200 OK in 17ms (Views: 16.6ms | ActiveRecord: 0.0ms)


Started GET "/users/new" for 127.0.0.1 at 2021-07-30 13:55:20 -0700
Processing by UsersController#new as HTML
  Rendering users/new.html.erb within layouts/application
  Rendered users/new.html.erb within layouts/application (1.6ms)
Completed 200 OK in 34ms (Views: 33.4ms | ActiveRecord: 0.0ms)


Started POST "/users" for 127.0.0.1 at 2021-07-30 13:55:27 -0700
Processing by UsersController#create as HTML
  Parameters: {"authenticity_token"=>"hlyVRQQr+33x/q8Hsrw2A5yy3MvRUl6m5MGk98YorJxuit7y4hi5bbCH5iFUPAXSqS1jh12ikzQc8kN48So5/A==", "user"=>{"name"=>"Cat", "password"=>"[FILTERED]"}}
  [1m[35m (0.1ms)[0m  [1m[35mBEGIN[0m
  ↳ app/controllers/users_controller.rb:15
  [1m[36mUser Exists (0.9ms)[0m  [1m[34mSELECT  1 AS one FROM "users" WHERE "users"."name" = $1 LIMIT $2[0m  [["name", "Cat"], ["LIMIT", 1]]
  ↳ app/controllers/users_controller.rb:15
  [1m[36mUser Create (0.5ms)[0m  [1m[32mINSERT INTO "users" ("name", "password_digest", "session_token", "created_at", "updated_at") VALUES ($1, $2, $3, $4, $5) RETURNING "id"[0m  [["name", "Cat"], ["password_digest", "$2a$12$9kp1I9GdkUkplK4dLVyUfOfW4Zj/Inh4iknFe/UCZMud97R30YsZ."], ["session_token", "e63XvPaFvQjX-gtiLcHVow"], ["created_at", "2021-07-30 20:55:27.819443"], ["updated_at", "2021-07-30 20:55:27.819443"]]
  ↳ app/controllers/users_controller.rb:15
  [1m[35m (3.4ms)[0m  [1m[35mCOMMIT[0m
  ↳ app/controllers/users_controller.rb:15
  [1m[35m (0.1ms)[0m  [1m[35mBEGIN[0m
  ↳ app/models/user.rb:46
  [1m[36mUser Exists (0.5ms)[0m  [1m[34mSELECT  1 AS one FROM "users" WHERE "users"."name" = $1 AND "users"."id" != $2 LIMIT $3[0m  [["name", "Cat"], ["id", 2], ["LIMIT", 1]]
  ↳ app/models/user.rb:46
  [1m[36mUser Update (0.5ms)[0m  [1m[33mUPDATE "users" SET "session_token" = $1, "updated_at" = $2 WHERE "users"."id" = $3[0m  [["session_token", "NUsCc8Y4vUAnR35lsSvzIg"], ["updated_at", "2021-07-30 20:55:27.834469"], ["id", 2]]
  ↳ app/models/user.rb:46
  [1m[35m (21.6ms)[0m  [1m[35mCOMMIT[0m
  ↳ app/models/user.rb:46
Redirected to http://localhost:3000/users/2
Completed 302 Found in 292ms (ActiveRecord: 34.1ms)


Started GET "/users/2" for 127.0.0.1 at 2021-07-30 13:55:27 -0700
Processing by UsersController#show as HTML
  Parameters: {"id"=>"2"}
Redirected to http://localhost:3000/session/new
Filter chain halted as :ensure_logged_in rendered or redirected
Completed 302 Found in 2ms (ActiveRecord: 0.0ms)


Started GET "/session/new" for 127.0.0.1 at 2021-07-30 13:55:27 -0700
Processing by SessionsController#new as HTML
  Rendering sessions/new.html.erb within layouts/application
  Rendered sessions/new.html.erb within layouts/application (0.5ms)
Completed 200 OK in 18ms (Views: 16.7ms | ActiveRecord: 0.0ms)


Started GET "/users/new" for 127.0.0.1 at 2021-07-30 13:57:16 -0700
Processing by UsersController#new as HTML
  Rendering users/new.html.erb within layouts/application
  Rendered users/new.html.erb within layouts/application (1.0ms)
Completed 200 OK in 38ms (Views: 37.5ms | ActiveRecord: 0.0ms)


Started POST "/users" for 127.0.0.1 at 2021-07-30 13:57:20 -0700
Processing by UsersController#create as HTML
  Parameters: {"authenticity_token"=>"i6y/4Q++Xcmh2y4ykv4/Van3hbWudp19ty8/YlHYGhhjevRW6Y0f2eCiZxR0fgyEnGg6+SKGUO9PHNjtZtqPeA==", "user"=>{"name"=>"Dog", "password"=>"[FILTERED]"}}
  [1m[35m (0.2ms)[0m  [1m[35mBEGIN[0m
  ↳ app/controllers/users_controller.rb:15
  [1m[36mUser Exists (0.3ms)[0m  [1m[34mSELECT  1 AS one FROM "users" WHERE "users"."name" = $1 LIMIT $2[0m  [["name", "Dog"], ["LIMIT", 1]]
  ↳ app/controllers/users_controller.rb:15
  [1m[36mUser Create (0.3ms)[0m  [1m[32mINSERT INTO "users" ("name", "password_digest", "session_token", "created_at", "updated_at") VALUES ($1, $2, $3, $4, $5) RETURNING "id"[0m  [["name", "Dog"], ["password_digest", "$2a$12$SpR.Pv7Y4Pad7W17PEk4P.RMbgpTZU18FPyOUlL2G9B09RtBz4GOK"], ["session_token", "rW9MX0_72R6cn0PbOkk1Lg"], ["created_at", "2021-07-30 20:57:20.981893"], ["updated_at", "2021-07-30 20:57:20.981893"]]
  ↳ app/controllers/users_controller.rb:15
  [1m[35m (2.0ms)[0m  [1m[35mCOMMIT[0m
  ↳ app/controllers/users_controller.rb:15
  [1m[35m (0.1ms)[0m  [1m[35mBEGIN[0m
  ↳ app/models/user.rb:46
  [1m[36mUser Exists (0.4ms)[0m  [1m[34mSELECT  1 AS one FROM "users" WHERE "users"."name" = $1 AND "users"."id" != $2 LIMIT $3[0m  [["name", "Dog"], ["id", 3], ["LIMIT", 1]]
  ↳ app/models/user.rb:46
  [1m[36mUser Update (0.3ms)[0m  [1m[33mUPDATE "users" SET "session_token" = $1, "updated_at" = $2 WHERE "users"."id" = $3[0m  [["session_token", "qjsTkxq8RrhuDU6f2ETfXw"], ["updated_at", "2021-07-30 20:57:20.987630"], ["id", 3]]
  ↳ app/models/user.rb:46
  [1m[35m (19.3ms)[0m  [1m[35mCOMMIT[0m
  ↳ app/models/user.rb:46
Redirected to http://localhost:3000/users
Completed 302 Found in 296ms (ActiveRecord: 26.5ms)


Started GET "/users" for 127.0.0.1 at 2021-07-30 13:57:21 -0700
Processing by UsersController#index as HTML
Redirected to http://localhost:3000/session/new
Filter chain halted as :ensure_logged_in rendered or redirected
Completed 302 Found in 1ms (ActiveRecord: 0.0ms)


Started GET "/session/new" for 127.0.0.1 at 2021-07-30 13:57:21 -0700
Processing by SessionsController#new as HTML
  Rendering sessions/new.html.erb within layouts/application
  Rendered sessions/new.html.erb within layouts/application (0.6ms)
Completed 200 OK in 14ms (Views: 12.8ms | ActiveRecord: 0.0ms)


Started GET "/session/new" for 127.0.0.1 at 2021-07-30 13:57:35 -0700
  [1m[35m (0.9ms)[0m  [1m[34mSELECT "schema_migrations"."version" FROM "schema_migrations" ORDER BY "schema_migrations"."version" ASC[0m
  ↳ /home/starship/.rbenv/versions/2.5.1/lib/ruby/gems/2.5.0/gems/activerecord-5.2.6/lib/active_record/log_subscriber.rb:98
Processing by SessionsController#new as HTML
  Rendering sessions/new.html.erb within layouts/application
  Rendered sessions/new.html.erb within layouts/application (1.3ms)
Completed 200 OK in 159ms (Views: 143.0ms | ActiveRecord: 4.5ms)


Started POST "/session" for 127.0.0.1 at 2021-07-30 13:57:43 -0700
Processing by SessionsController#create as HTML
  Parameters: {"authenticity_token"=>"ZaiXaGzNVqjDxus3Aq8aE7cB2vBtX2POx6e5RLqopsaNftzfiv4UuIK/ohHkLynCgp5lvOGvrlw/lF7Ljaozpg==", "user"=>{"name"=>"LAKE", "password"=>"[FILTERED]"}}
  [1m[36mUser Load (0.4ms)[0m  [1m[34mSELECT  "users".* FROM "users" WHERE "users"."name" = $1 LIMIT $2[0m  [["name", "LAKE"], ["LIMIT", 1]]
  ↳ app/models/user.rb:27
  Rendering sessions/new.html.erb within layouts/application
  Rendered sessions/new.html.erb within layouts/application (0.7ms)
Completed 200 OK in 16ms (Views: 11.7ms | ActiveRecord: 0.6ms)


Started GET "/users/index" for 127.0.0.1 at 2021-07-30 14:00:18 -0700
Processing by UsersController#show as HTML
  Parameters: {"id"=>"index"}
Redirected to http://localhost:3000/session/new
Filter chain halted as :ensure_logged_in rendered or redirected
Completed 302 Found in 1ms (ActiveRecord: 0.0ms)


Started GET "/session/new" for 127.0.0.1 at 2021-07-30 14:00:18 -0700
Processing by SessionsController#new as HTML
  Rendering sessions/new.html.erb within layouts/application
  Rendered sessions/new.html.erb within layouts/application (0.8ms)
Completed 200 OK in 27ms (Views: 15.2ms | ActiveRecord: 2.7ms)


Started GET "/users/new" for 127.0.0.1 at 2021-07-30 14:00:27 -0700
Processing by UsersController#new as HTML
  Rendering users/new.html.erb within layouts/application
  Rendered users/new.html.erb within layouts/application (1.3ms)
Completed 200 OK in 19ms (Views: 18.0ms | ActiveRecord: 0.0ms)


Started POST "/users" for 127.0.0.1 at 2021-07-30 14:02:39 -0700
Processing by UsersController#create as HTML
  Parameters: {"authenticity_token"=>"OojqByNL/KOatS2EOOrmvYcCsDyJZbWCSfcaDcVuwZzSXqGwxXi+s9vMZKLeatVssp0PcAWVeBCxxP2C8mxU/A==", "user"=>{"name"=>"WHYYYYY", "password"=>"[FILTERED]"}}
  [1m[35m (0.3ms)[0m  [1m[35mBEGIN[0m
  ↳ app/controllers/users_controller.rb:15
  [1m[36mUser Exists (0.5ms)[0m  [1m[34mSELECT  1 AS one FROM "users" WHERE "users"."name" = $1 LIMIT $2[0m  [["name", "WHYYYYY"], ["LIMIT", 1]]
  ↳ app/controllers/users_controller.rb:15
  [1m[36mUser Create (0.3ms)[0m  [1m[32mINSERT INTO "users" ("name", "password_digest", "session_token", "created_at", "updated_at") VALUES ($1, $2, $3, $4, $5) RETURNING "id"[0m  [["name", "WHYYYYY"], ["password_digest", "$2a$12$ex1gwZO6eZ4QHjuhEpOtPuOCCOBIjf8scK/Q9k2.Qkor4H7CTKN2i"], ["session_token", "oeMvL4uvnaAtwmbf2COP1g"], ["created_at", "2021-07-30 21:02:40.105573"], ["updated_at", "2021-07-30 21:02:40.105573"]]
  ↳ app/controllers/users_controller.rb:15
  [1m[35m (3.4ms)[0m  [1m[35mCOMMIT[0m
  ↳ app/controllers/users_controller.rb:15
  [1m[35m (0.1ms)[0m  [1m[35mBEGIN[0m
  ↳ app/models/user.rb:46
  [1m[36mUser Exists (0.4ms)[0m  [1m[34mSELECT  1 AS one FROM "users" WHERE "users"."name" = $1 AND "users"."id" != $2 LIMIT $3[0m  [["name", "WHYYYYY"], ["id", 4], ["LIMIT", 1]]
  ↳ app/models/user.rb:46
  [1m[36mUser Update (0.2ms)[0m  [1m[33mUPDATE "users" SET "session_token" = $1, "updated_at" = $2 WHERE "users"."id" = $3[0m  [["session_token", "XWXikrESN2c8bWly7jt0PQ"], ["updated_at", "2021-07-30 21:02:40.112101"], ["id", 4]]
  ↳ app/models/user.rb:46
  [1m[35m (20.1ms)[0m  [1m[35mCOMMIT[0m
  ↳ app/models/user.rb:46
Redirected to http://localhost:3000/users
Completed 302 Found in 287ms (ActiveRecord: 25.2ms)


Started GET "/users" for 127.0.0.1 at 2021-07-30 14:02:40 -0700
Processing by UsersController#index as HTML
Redirected to http://localhost:3000/session/new
Filter chain halted as :ensure_logged_in rendered or redirected
Completed 302 Found in 1ms (ActiveRecord: 0.0ms)


Started GET "/session/new" for 127.0.0.1 at 2021-07-30 14:02:40 -0700
Processing by SessionsController#new as HTML
  Rendering sessions/new.html.erb within layouts/application
  Rendered sessions/new.html.erb within layouts/application (1.0ms)
Completed 200 OK in 20ms (Views: 19.1ms | ActiveRecord: 0.0ms)


Started GET "/session/new" for 127.0.0.1 at 2021-07-30 14:03:46 -0700
Processing by SessionsController#new as HTML
  Rendering sessions/new.html.erb within layouts/application
  Rendered sessions/new.html.erb within layouts/application (0.6ms)
Completed 200 OK in 25ms (Views: 14.7ms | ActiveRecord: 2.5ms)


Started POST "/users" for 127.0.0.1 at 2021-07-30 14:03:57 -0700
Processing by UsersController#create as HTML
  Parameters: {"authenticity_token"=>"OojqByNL/KOatS2EOOrmvYcCsDyJZbWCSfcaDcVuwZzSXqGwxXi+s9vMZKLeatVssp0PcAWVeBCxxP2C8mxU/A==", "user"=>{"name"=>"MANO", "password"=>"[FILTERED]"}}
  [1m[35m (0.2ms)[0m  [1m[35mBEGIN[0m
  ↳ app/controllers/users_controller.rb:15
  [1m[36mUser Exists (0.4ms)[0m  [1m[34mSELECT  1 AS one FROM "users" WHERE "users"."name" = $1 LIMIT $2[0m  [["name", "MANO"], ["LIMIT", 1]]
  ↳ app/controllers/users_controller.rb:15
  [1m[36mUser Create (0.2ms)[0m  [1m[32mINSERT INTO "users" ("name", "password_digest", "session_token", "created_at", "updated_at") VALUES ($1, $2, $3, $4, $5) RETURNING "id"[0m  [["name", "MANO"], ["password_digest", "$2a$12$Se0UQYIqApLagOR8y.A7o.4mQRKdCC855MLDkO0ddLOneD/hBlRaW"], ["session_token", "Uq37KgKwthG9VdxuSIML_g"], ["created_at", "2021-07-30 21:03:57.589022"], ["updated_at", "2021-07-30 21:03:57.589022"]]
  ↳ app/controllers/users_controller.rb:15
  [1m[35m (2.0ms)[0m  [1m[35mCOMMIT[0m
  ↳ app/controllers/users_controller.rb:15
  [1m[35m (0.1ms)[0m  [1m[35mBEGIN[0m
  ↳ app/models/user.rb:46
  [1m[36mUser Exists (0.3ms)[0m  [1m[34mSELECT  1 AS one FROM "users" WHERE "users"."name" = $1 AND "users"."id" != $2 LIMIT $3[0m  [["name", "MANO"], ["id", 5], ["LIMIT", 1]]
  ↳ app/models/user.rb:46
  [1m[36mUser Update (0.3ms)[0m  [1m[33mUPDATE "users" SET "session_token" = $1, "updated_at" = $2 WHERE "users"."id" = $3[0m  [["session_token", "jrsGA3wIrj3qT_p1iWMwzw"], ["updated_at", "2021-07-30 21:03:57.593880"], ["id", 5]]
  ↳ app/models/user.rb:46
  [1m[35m (22.4ms)[0m  [1m[35mCOMMIT[0m
  ↳ app/models/user.rb:46
Redirected to http://localhost:3000/users
Completed 302 Found in 258ms (ActiveRecord: 25.9ms)


Started GET "/users" for 127.0.0.1 at 2021-07-30 14:03:57 -0700
Processing by UsersController#index as HTML
  Rendering users/index.html.erb within layouts/application
  [1m[36mUser Load (0.3ms)[0m  [1m[34mSELECT "users".* FROM "users"[0m
  ↳ app/views/users/index.html.erb:4
  Rendered users/index.html.erb within layouts/application (2.2ms)
Completed 200 OK in 40ms (Views: 38.8ms | ActiveRecord: 0.3ms)


Started POST "/users" for 127.0.0.1 at 2021-07-30 14:04:43 -0700
Processing by UsersController#create as HTML
  Parameters: {"authenticity_token"=>"OojqByNL/KOatS2EOOrmvYcCsDyJZbWCSfcaDcVuwZzSXqGwxXi+s9vMZKLeatVssp0PcAWVeBCxxP2C8mxU/A==", "user"=>{"name"=>"MANOA", "password"=>"[FILTERED]"}}
Redirected to http://localhost:3000/session/new
Filter chain halted as :ensure_logged_in rendered or redirected
Completed 302 Found in 1ms (ActiveRecord: 0.0ms)


Started GET "/session/new" for 127.0.0.1 at 2021-07-30 14:04:43 -0700
Processing by SessionsController#new as HTML
  Rendering sessions/new.html.erb within layouts/application
  Rendered sessions/new.html.erb within layouts/application (0.9ms)
Completed 200 OK in 40ms (Views: 21.2ms | ActiveRecord: 4.0ms)


Started POST "/users" for 127.0.0.1 at 2021-07-30 14:05:57 -0700
Processing by UsersController#create as HTML
  Parameters: {"authenticity_token"=>"OojqByNL/KOatS2EOOrmvYcCsDyJZbWCSfcaDcVuwZzSXqGwxXi+s9vMZKLeatVssp0PcAWVeBCxxP2C8mxU/A==", "user"=>{"name"=>"MANOAAA", "password"=>"[FILTERED]"}}
  [1m[35m (0.1ms)[0m  [1m[35mBEGIN[0m
  ↳ app/controllers/users_controller.rb:15
  [1m[36mUser Exists (0.4ms)[0m  [1m[34mSELECT  1 AS one FROM "users" WHERE "users"."name" = $1 LIMIT $2[0m  [["name", "MANOAAA"], ["LIMIT", 1]]
  ↳ app/controllers/users_controller.rb:15
  [1m[36mUser Create (0.2ms)[0m  [1m[32mINSERT INTO "users" ("name", "password_digest", "session_token", "created_at", "updated_at") VALUES ($1, $2, $3, $4, $5) RETURNING "id"[0m  [["name", "MANOAAA"], ["password_digest", "$2a$12$/lazBMGNp5JXMEC8dvGQ0e8E14cCMcSEqlPjWAX9FtGNdz9P9ox7S"], ["session_token", "hNA69s3xBXjn75mgxoHlbg"], ["created_at", "2021-07-30 21:05:57.549868"], ["updated_at", "2021-07-30 21:05:57.549868"]]
  ↳ app/controllers/users_controller.rb:15
  [1m[35m (3.6ms)[0m  [1m[35mCOMMIT[0m
  ↳ app/controllers/users_controller.rb:15
  [1m[35m (0.1ms)[0m  [1m[35mBEGIN[0m
  ↳ app/models/user.rb:46
  [1m[36mUser Exists (0.4ms)[0m  [1m[34mSELECT  1 AS one FROM "users" WHERE "users"."name" = $1 AND "users"."id" != $2 LIMIT $3[0m  [["name", "MANOAAA"], ["id", 6], ["LIMIT", 1]]
  ↳ app/models/user.rb:46
  [1m[36mUser Update (0.4ms)[0m  [1m[33mUPDATE "users" SET "session_token" = $1, "updated_at" = $2 WHERE "users"."id" = $3[0m  [["session_token", "KQvSLY2NLMuJXrWnlYdT-g"], ["updated_at", "2021-07-30 21:05:57.557731"], ["id", 6]]
  ↳ app/models/user.rb:46
  [1m[35m (20.1ms)[0m  [1m[35mCOMMIT[0m
  ↳ app/models/user.rb:46
Redirected to http://localhost:3000/users
Completed 302 Found in 276ms (ActiveRecord: 28.0ms)


Started GET "/users" for 127.0.0.1 at 2021-07-30 14:05:57 -0700
Processing by UsersController#index as HTML
Redirected to http://localhost:3000/session/new
Filter chain halted as :ensure_logged_in rendered or redirected
Completed 302 Found in 1ms (ActiveRecord: 0.0ms)


Started GET "/session/new" for 127.0.0.1 at 2021-07-30 14:05:57 -0700
Processing by SessionsController#new as HTML
  Rendering sessions/new.html.erb within layouts/application
  Rendered sessions/new.html.erb within layouts/application (0.5ms)
Completed 200 OK in 23ms (Views: 22.5ms | ActiveRecord: 0.0ms)


Started POST "/users" for 127.0.0.1 at 2021-07-30 14:08:13 -0700
Processing by UsersController#create as HTML
  Parameters: {"authenticity_token"=>"OojqByNL/KOatS2EOOrmvYcCsDyJZbWCSfcaDcVuwZzSXqGwxXi+s9vMZKLeatVssp0PcAWVeBCxxP2C8mxU/A==", "user"=>{"name"=>"TESTING", "password"=>"[FILTERED]"}}
  [1m[35m (0.1ms)[0m  [1m[35mBEGIN[0m
  ↳ app/controllers/users_controller.rb:15
  [1m[36mUser Exists (0.3ms)[0m  [1m[34mSELECT  1 AS one FROM "users" WHERE "users"."name" = $1 LIMIT $2[0m  [["name", "TESTING"], ["LIMIT", 1]]
  ↳ app/controllers/users_controller.rb:15
  [1m[36mUser Create (0.3ms)[0m  [1m[32mINSERT INTO "users" ("name", "password_digest", "session_token", "created_at", "updated_at") VALUES ($1, $2, $3, $4, $5) RETURNING "id"[0m  [["name", "TESTING"], ["password_digest", "$2a$12$Frita9b1U7/CAW6Ff3CHJO5ACug/xLRe7SoFlxHj4cUPjGvkua5/K"], ["session_token", "K8EfwS_o7avk7XfgQJhLRA"], ["created_at", "2021-07-30 21:08:13.593440"], ["updated_at", "2021-07-30 21:08:13.593440"]]
  ↳ app/controllers/users_controller.rb:15
  [1m[35m (3.6ms)[0m  [1m[35mCOMMIT[0m
  ↳ app/controllers/users_controller.rb:15
  [1m[35m (0.1ms)[0m  [1m[35mBEGIN[0m
  ↳ app/models/user.rb:46
  [1m[36mUser Exists (0.3ms)[0m  [1m[34mSELECT  1 AS one FROM "users" WHERE "users"."name" = $1 AND "users"."id" != $2 LIMIT $3[0m  [["name", "TESTING"], ["id", 7], ["LIMIT", 1]]
  ↳ app/models/user.rb:46
  [1m[36mUser Update (0.4ms)[0m  [1m[33mUPDATE "users" SET "session_token" = $1, "updated_at" = $2 WHERE "users"."id" = $3[0m  [["session_token", "hKrBUoeMDzeCT9PKVbTdNQ"], ["updated_at", "2021-07-30 21:08:13.600268"], ["id", 7]]
  ↳ app/models/user.rb:46
  [1m[35m (21.6ms)[0m  [1m[35mCOMMIT[0m
  ↳ app/models/user.rb:46
Redirected to http://localhost:3000/users
Completed 302 Found in 298ms (ActiveRecord: 30.0ms)


Started GET "/users" for 127.0.0.1 at 2021-07-30 14:08:13 -0700
Processing by UsersController#index as HTML
  [1m[36mUser Load (0.2ms)[0m  [1m[34mSELECT  "users".* FROM "users" WHERE "users"."session_token" = $1 LIMIT $2[0m  [["session_token", "hKrBUoeMDzeCT9PKVbTdNQ"], ["LIMIT", 1]]
  ↳ app/controllers/application_controller.rb:5
  Rendering users/index.html.erb within layouts/application
  [1m[36mUser Load (0.3ms)[0m  [1m[34mSELECT "users".* FROM "users"[0m
  ↳ app/views/users/index.html.erb:4
  Rendered users/index.html.erb within layouts/application (2.6ms)
Completed 200 OK in 26ms (Views: 23.0ms | ActiveRecord: 0.5ms)


Started POST "/users" for 127.0.0.1 at 2021-07-30 14:08:27 -0700
Processing by UsersController#create as HTML
  Parameters: {"authenticity_token"=>"OojqByNL/KOatS2EOOrmvYcCsDyJZbWCSfcaDcVuwZzSXqGwxXi+s9vMZKLeatVssp0PcAWVeBCxxP2C8mxU/A==", "user"=>{"name"=>"TESTINGGG", "password"=>"[FILTERED]"}}
  [1m[35m (0.1ms)[0m  [1m[35mBEGIN[0m
  ↳ app/controllers/users_controller.rb:15
  [1m[36mUser Exists (0.3ms)[0m  [1m[34mSELECT  1 AS one FROM "users" WHERE "users"."name" = $1 LIMIT $2[0m  [["name", "TESTINGGG"], ["LIMIT", 1]]
  ↳ app/controllers/users_controller.rb:15
  [1m[36mUser Create (0.4ms)[0m  [1m[32mINSERT INTO "users" ("name", "password_digest", "session_token", "created_at", "updated_at") VALUES ($1, $2, $3, $4, $5) RETURNING "id"[0m  [["name", "TESTINGGG"], ["password_digest", "$2a$12$kmMhQIQcprPTbUD3Zsw7z.oNbGx7gerTE1Ltuolkz3rkJjA55aIjy"], ["session_token", "BBsouwx3yWXRcGwiBORC_A"], ["created_at", "2021-07-30 21:08:28.252306"], ["updated_at", "2021-07-30 21:08:28.252306"]]
  ↳ app/controllers/users_controller.rb:15
  [1m[35m (4.3ms)[0m  [1m[35mCOMMIT[0m
  ↳ app/controllers/users_controller.rb:15
  [1m[35m (0.2ms)[0m  [1m[35mBEGIN[0m
  ↳ app/models/user.rb:46
  [1m[36mUser Exists (0.5ms)[0m  [1m[34mSELECT  1 AS one FROM "users" WHERE "users"."name" = $1 AND "users"."id" != $2 LIMIT $3[0m  [["name", "TESTINGGG"], ["id", 8], ["LIMIT", 1]]
  ↳ app/models/user.rb:46
  [1m[36mUser Update (0.5ms)[0m  [1m[33mUPDATE "users" SET "session_token" = $1, "updated_at" = $2 WHERE "users"."id" = $3[0m  [["session_token", "9vRKxKkyOWQRggJzXLShAA"], ["updated_at", "2021-07-30 21:08:28.261865"], ["id", 8]]
  ↳ app/models/user.rb:46
  [1m[35m (13.8ms)[0m  [1m[35mCOMMIT[0m
  ↳ app/models/user.rb:46
Redirected to http://localhost:3000/users
Completed 302 Found in 291ms (ActiveRecord: 24.3ms)


Started GET "/users" for 127.0.0.1 at 2021-07-30 14:08:28 -0700
Processing by UsersController#index as HTML
  [1m[36mUser Load (0.3ms)[0m  [1m[34mSELECT  "users".* FROM "users" WHERE "users"."session_token" = $1 LIMIT $2[0m  [["session_token", "9vRKxKkyOWQRggJzXLShAA"], ["LIMIT", 1]]
  ↳ app/controllers/application_controller.rb:5
  Rendering users/index.html.erb within layouts/application
  [1m[36mUser Load (0.3ms)[0m  [1m[34mSELECT "users".* FROM "users"[0m
  ↳ app/views/users/index.html.erb:4
  Rendered users/index.html.erb within layouts/application (2.4ms)
Completed 200 OK in 19ms (Views: 16.0ms | ActiveRecord: 0.6ms)


Started POST "/users" for 127.0.0.1 at 2021-07-30 14:09:00 -0700
Processing by UsersController#create as HTML
  Parameters: {"authenticity_token"=>"OojqByNL/KOatS2EOOrmvYcCsDyJZbWCSfcaDcVuwZzSXqGwxXi+s9vMZKLeatVssp0PcAWVeBCxxP2C8mxU/A==", "user"=>{"name"=>"TESTINGGGGGG", "password"=>"[FILTERED]"}}
  [1m[35m (0.2ms)[0m  [1m[35mBEGIN[0m
  ↳ app/controllers/users_controller.rb:15
  [1m[36mUser Exists (0.3ms)[0m  [1m[34mSELECT  1 AS one FROM "users" WHERE "users"."name" = $1 LIMIT $2[0m  [["name", "TESTINGGGGGG"], ["LIMIT", 1]]
  ↳ app/controllers/users_controller.rb:15
  [1m[36mUser Create (0.3ms)[0m  [1m[32mINSERT INTO "users" ("name", "password_digest", "session_token", "created_at", "updated_at") VALUES ($1, $2, $3, $4, $5) RETURNING "id"[0m  [["name", "TESTINGGGGGG"], ["password_digest", "$2a$12$gQynKAsdd5Mg3kq9t13/I.yzgWazekOL8AszzIxnJmFXvIHy2jPby"], ["session_token", "xxLBLV5kQTUWJkBqOu8bKg"], ["created_at", "2021-07-30 21:09:01.110300"], ["updated_at", "2021-07-30 21:09:01.110300"]]
  ↳ app/controllers/users_controller.rb:15
  [1m[35m (3.6ms)[0m  [1m[35mCOMMIT[0m
  ↳ app/controllers/users_controller.rb:15
  [1m[35m (0.1ms)[0m  [1m[35mBEGIN[0m
  ↳ app/models/user.rb:46
  [1m[36mUser Exists (0.3ms)[0m  [1m[34mSELECT  1 AS one FROM "users" WHERE "users"."name" = $1 AND "users"."id" != $2 LIMIT $3[0m  [["name", "TESTINGGGGGG"], ["id", 9], ["LIMIT", 1]]
  ↳ app/models/user.rb:46
  [1m[36mUser Update (0.2ms)[0m  [1m[33mUPDATE "users" SET "session_token" = $1, "updated_at" = $2 WHERE "users"."id" = $3[0m  [["session_token", "Hr0crbVOL6NNgt9wiPioFQ"], ["updated_at", "2021-07-30 21:09:01.116516"], ["id", 9]]
  ↳ app/models/user.rb:46
  [1m[35m (19.4ms)[0m  [1m[35mCOMMIT[0m
  ↳ app/models/user.rb:46
Redirected to http://localhost:3000/users
Completed 302 Found in 268ms (ActiveRecord: 28.2ms)


Started GET "/users" for 127.0.0.1 at 2021-07-30 14:09:01 -0700
Processing by UsersController#index as HTML
  Rendering users/index.html.erb within layouts/application
  [1m[36mUser Load (0.3ms)[0m  [1m[34mSELECT "users".* FROM "users"[0m
  ↳ app/views/users/index.html.erb:4
  Rendered users/index.html.erb within layouts/application (1.9ms)
Completed 200 OK in 13ms (Views: 11.8ms | ActiveRecord: 0.3ms)


Started GET "/users/6" for 127.0.0.1 at 2021-07-30 14:22:36 -0700
Processing by UsersController#show as HTML
  Parameters: {"id"=>"6"}
  [1m[36mUser Load (0.4ms)[0m  [1m[34mSELECT  "users".* FROM "users" WHERE "users"."id" = $1 LIMIT $2[0m  [["id", 6], ["LIMIT", 1]]
  ↳ app/controllers/users_controller.rb:25
  Rendering users/show.html.erb within layouts/application
  [1m[36mSub Load (0.4ms)[0m  [1m[34mSELECT "subs".* FROM "subs" WHERE "subs"."owner_id" = $1[0m  [["owner_id", 6]]
  ↳ app/views/users/show.html.erb:4
  Rendered users/show.html.erb within layouts/application (23.8ms)
Completed 200 OK in 45ms (Views: 38.1ms | ActiveRecord: 3.4ms)


Started GET "/users/7" for 127.0.0.1 at 2021-07-30 14:22:38 -0700
Processing by UsersController#show as HTML
  Parameters: {"id"=>"7"}
  [1m[36mUser Load (0.3ms)[0m  [1m[34mSELECT  "users".* FROM "users" WHERE "users"."id" = $1 LIMIT $2[0m  [["id", 7], ["LIMIT", 1]]
  ↳ app/controllers/users_controller.rb:25
  Rendering users/show.html.erb within layouts/application
  [1m[36mSub Load (0.4ms)[0m  [1m[34mSELECT "subs".* FROM "subs" WHERE "subs"."owner_id" = $1[0m  [["owner_id", 7]]
  ↳ app/views/users/show.html.erb:4
  Rendered users/show.html.erb within layouts/application (2.3ms)
Completed 200 OK in 20ms (Views: 18.2ms | ActiveRecord: 0.8ms)


Started GET "/users/8" for 127.0.0.1 at 2021-07-30 14:22:40 -0700
Processing by UsersController#show as HTML
  Parameters: {"id"=>"8"}
  [1m[36mUser Load (0.5ms)[0m  [1m[34mSELECT  "users".* FROM "users" WHERE "users"."id" = $1 LIMIT $2[0m  [["id", 8], ["LIMIT", 1]]
  ↳ app/controllers/users_controller.rb:25
  Rendering users/show.html.erb within layouts/application
  [1m[36mSub Load (0.3ms)[0m  [1m[34mSELECT "subs".* FROM "subs" WHERE "subs"."owner_id" = $1[0m  [["owner_id", 8]]
  ↳ app/views/users/show.html.erb:4
  Rendered users/show.html.erb within layouts/application (1.9ms)
Completed 200 OK in 18ms (Views: 14.9ms | ActiveRecord: 0.8ms)


Started GET "/users/9" for 127.0.0.1 at 2021-07-30 14:22:42 -0700
Processing by UsersController#show as HTML
  Parameters: {"id"=>"9"}
  [1m[36mUser Load (0.3ms)[0m  [1m[34mSELECT  "users".* FROM "users" WHERE "users"."id" = $1 LIMIT $2[0m  [["id", 9], ["LIMIT", 1]]
  ↳ app/controllers/users_controller.rb:25
  Rendering users/show.html.erb within layouts/application
  [1m[36mSub Load (0.4ms)[0m  [1m[34mSELECT "subs".* FROM "subs" WHERE "subs"."owner_id" = $1[0m  [["owner_id", 9]]
  ↳ app/views/users/show.html.erb:4
  Rendered users/show.html.erb within layouts/application (2.5ms)
Completed 200 OK in 25ms (Views: 22.3ms | ActiveRecord: 0.7ms)


Started GET "/session/new" for 127.0.0.1 at 2021-07-30 14:23:33 -0700
Processing by SessionsController#new as HTML
  Rendering sessions/new.html.erb within layouts/application
  Rendered sessions/new.html.erb within layouts/application (0.9ms)
Completed 200 OK in 20ms (Views: 19.3ms | ActiveRecord: 0.0ms)


Started POST "/session" for 127.0.0.1 at 2021-07-30 14:23:38 -0700
Processing by SessionsController#create as HTML
  Parameters: {"authenticity_token"=>"n17+v2jMqfZ9bI9uij/Q0kQleDzF/4kAXLH6Mcdlsnp3iLUIjv/r5jwVxkhsv+MDcbrHcEkPRJKkgh2+8GcnGg==", "user"=>{"name"=>"Ben", "password"=>"[FILTERED]"}}
  [1m[36mUser Load (0.4ms)[0m  [1m[34mSELECT  "users".* FROM "users" WHERE "users"."name" = $1 LIMIT $2[0m  [["name", "Ben"], ["LIMIT", 1]]
  ↳ app/models/user.rb:27
  [1m[35m (0.2ms)[0m  [1m[35mBEGIN[0m
  ↳ app/models/user.rb:46
  [1m[36mUser Exists (0.4ms)[0m  [1m[34mSELECT  1 AS one FROM "users" WHERE "users"."name" = $1 AND "users"."id" != $2 LIMIT $3[0m  [["name", "Ben"], ["id", 1], ["LIMIT", 1]]
  ↳ app/models/user.rb:46
  [1m[36mUser Update (0.3ms)[0m  [1m[33mUPDATE "users" SET "session_token" = $1, "updated_at" = $2 WHERE "users"."id" = $3[0m  [["session_token", "wsM2PafYTdTa-Zn5B8Bbig"], ["updated_at", "2021-07-30 21:23:38.857628"], ["id", 1]]
  ↳ app/models/user.rb:46
  [1m[35m (2.2ms)[0m  [1m[35mCOMMIT[0m
  ↳ app/models/user.rb:46
Redirected to http://localhost:3000/users
Completed 302 Found in 273ms (ActiveRecord: 3.5ms)


Started GET "/users" for 127.0.0.1 at 2021-07-30 14:23:38 -0700
Processing by UsersController#index as HTML
  Rendering users/index.html.erb within layouts/application
  [1m[36mUser Load (0.5ms)[0m  [1m[34mSELECT "users".* FROM "users"[0m
  ↳ app/views/users/index.html.erb:4
  Rendered users/index.html.erb within layouts/application (3.4ms)
Completed 200 OK in 16ms (Views: 15.1ms | ActiveRecord: 0.5ms)


Started GET "/users" for 127.0.0.1 at 2021-07-30 14:27:36 -0700
Processing by UsersController#index as HTML
  Rendering users/index.html.erb within layouts/application
  [1m[36mUser Load (0.4ms)[0m  [1m[34mSELECT "users".* FROM "users"[0m
  ↳ app/views/users/index.html.erb:4
  Rendered users/index.html.erb within layouts/application (3.3ms)
  [1m[36mUser Load (0.3ms)[0m  [1m[34mSELECT  "users".* FROM "users" WHERE "users"."session_token" = $1 LIMIT $2[0m  [["session_token", "wsM2PafYTdTa-Zn5B8Bbig"], ["LIMIT", 1]]
  ↳ app/controllers/application_controller.rb:5
Completed 200 OK in 23ms (Views: 21.9ms | ActiveRecord: 0.7ms)


Started DELETE "/session" for 127.0.0.1 at 2021-07-30 14:27:38 -0700
Processing by SessionsController#destroy as HTML
  Parameters: {"authenticity_token"=>"IOaOboQvcRBP8BWCZOA4xd01BDNLnBPQuxuLe11o3kzIMMXZYhwzAA6JXKSCYAsU6Kq7f8ds3kJDKGz0ampLLA=="}
Completed 500 Internal Server Error in 4ms (ActiveRecord: 0.0ms)



NoMethodError - undefined method `reset_session_token!' for nil:NilClass:
  app/controllers/application_controller.rb:18:in `log_out!'
  app/controllers/sessions_controller.rb:23:in `destroy'

Started POST "/__better_errors/03acb387ff0663e6/variables" for 127.0.0.1 at 2021-07-30 14:27:39 -0700
Started GET "/session/new" for 127.0.0.1 at 2021-07-30 14:29:04 -0700
Processing by SessionsController#new as HTML
  Rendering sessions/new.html.erb within layouts/application
  Rendered sessions/new.html.erb within layouts/application (0.7ms)
  [1m[36mUser Load (0.4ms)[0m  [1m[34mSELECT  "users".* FROM "users" WHERE "users"."session_token" = $1 LIMIT $2[0m  [["session_token", "wsM2PafYTdTa-Zn5B8Bbig"], ["LIMIT", 1]]
  ↳ app/controllers/application_controller.rb:5
Completed 200 OK in 31ms (Views: 14.1ms | ActiveRecord: 6.3ms)


Started POST "/session" for 127.0.0.1 at 2021-07-30 14:29:10 -0700
Processing by SessionsController#create as HTML
  Parameters: {"authenticity_token"=>"PMmfbycZPeATMzNG1KDgwq8Ah919Vgo9FFCAUfRFvR/UH9TYwSp/8FJKemAyINMTmp84kfGmx6/sY2few0cofw==", "user"=>{"name"=>"Ben", "password"=>"[FILTERED]"}}
  [1m[36mUser Load (0.3ms)[0m  [1m[34mSELECT  "users".* FROM "users" WHERE "users"."name" = $1 LIMIT $2[0m  [["name", "Ben"], ["LIMIT", 1]]
  ↳ app/models/user.rb:27
  [1m[35m (0.3ms)[0m  [1m[35mBEGIN[0m
  ↳ app/models/user.rb:46
  [1m[36mUser Exists (0.4ms)[0m  [1m[34mSELECT  1 AS one FROM "users" WHERE "users"."name" = $1 AND "users"."id" != $2 LIMIT $3[0m  [["name", "Ben"], ["id", 1], ["LIMIT", 1]]
  ↳ app/models/user.rb:46
  [1m[36mUser Update (0.4ms)[0m  [1m[33mUPDATE "users" SET "session_token" = $1, "updated_at" = $2 WHERE "users"."id" = $3[0m  [["session_token", "3Coi3O7tMpqgqNfBhgQw_A"], ["updated_at", "2021-07-30 21:29:10.904377"], ["id", 1]]
  ↳ app/models/user.rb:46
  [1m[35m (4.2ms)[0m  [1m[35mCOMMIT[0m
  ↳ app/models/user.rb:46
Redirected to http://localhost:3000/users
Completed 302 Found in 247ms (ActiveRecord: 5.5ms)


Started GET "/users" for 127.0.0.1 at 2021-07-30 14:29:10 -0700
Processing by UsersController#index as HTML
  Rendering users/index.html.erb within layouts/application
  [1m[36mUser Load (0.4ms)[0m  [1m[34mSELECT "users".* FROM "users"[0m
  ↳ app/views/users/index.html.erb:4
  Rendered users/index.html.erb within layouts/application (3.2ms)
  [1m[36mUser Load (0.3ms)[0m  [1m[34mSELECT  "users".* FROM "users" WHERE "users"."session_token" = $1 LIMIT $2[0m  [["session_token", "3Coi3O7tMpqgqNfBhgQw_A"], ["LIMIT", 1]]
  ↳ app/controllers/application_controller.rb:5
Completed 200 OK in 20ms (Views: 18.2ms | ActiveRecord: 0.8ms)


Started DELETE "/session" for 127.0.0.1 at 2021-07-30 14:29:12 -0700
Processing by SessionsController#destroy as HTML
  Parameters: {"authenticity_token"=>"51FU/4qCeoposG2IWFRIdlZ1VDCo1wmt2TxiT4pfWBMPhx9IbLE4minJJK6+1HunY+rrfCQnxD8hD4XAvV3Ncw=="}
  [1m[36mUser Load (0.4ms)[0m  [1m[34mSELECT  "users".* FROM "users" WHERE "users"."session_token" = $1 LIMIT $2[0m  [["session_token", "3Coi3O7tMpqgqNfBhgQw_A"], ["LIMIT", 1]]
  ↳ app/controllers/application_controller.rb:5
  [1m[35m (0.2ms)[0m  [1m[35mBEGIN[0m
  ↳ app/models/user.rb:46
  [1m[36mUser Exists (0.4ms)[0m  [1m[34mSELECT  1 AS one FROM "users" WHERE "users"."name" = $1 AND "users"."id" != $2 LIMIT $3[0m  [["name", "Ben"], ["id", 1], ["LIMIT", 1]]
  ↳ app/models/user.rb:46
  [1m[36mUser Update (0.6ms)[0m  [1m[33mUPDATE "users" SET "session_token" = $1, "updated_at" = $2 WHERE "users"."id" = $3[0m  [["session_token", "3dTSsFdremAjKUdN0zXJ_Q"], ["updated_at", "2021-07-30 21:29:12.428412"], ["id", 1]]
  ↳ app/models/user.rb:46
  [1m[35m (33.5ms)[0m  [1m[35mCOMMIT[0m
  ↳ app/models/user.rb:46
Redirected to http://localhost:3000/session/new
Completed 302 Found in 42ms (ActiveRecord: 35.0ms)


Started GET "/session/new" for 127.0.0.1 at 2021-07-30 14:29:12 -0700
Processing by SessionsController#new as HTML
  Rendering sessions/new.html.erb within layouts/application
  Rendered sessions/new.html.erb within layouts/application (0.6ms)
  [1m[36mUser Load (0.2ms)[0m  [1m[34mSELECT  "users".* FROM "users" WHERE "users"."session_token" IS NULL LIMIT $1[0m  [["LIMIT", 1]]
  ↳ app/controllers/application_controller.rb:5
Completed 200 OK in 20ms (Views: 18.7ms | ActiveRecord: 0.2ms)


Started POST "/session" for 127.0.0.1 at 2021-07-30 14:29:17 -0700
Processing by SessionsController#create as HTML
  Parameters: {"authenticity_token"=>"tQbbvOmOnzXZ5qXmN/GhJhjKQjNCY3iRyQPWmoLvI5td0JALD73dJZif7MDRcZL3LVX9f86TtQMxMDEVte22+w==", "user"=>{"name"=>"Ben", "password"=>"[FILTERED]"}}
  [1m[36mUser Load (0.3ms)[0m  [1m[34mSELECT  "users".* FROM "users" WHERE "users"."name" = $1 LIMIT $2[0m  [["name", "Ben"], ["LIMIT", 1]]
  ↳ app/models/user.rb:27
  [1m[35m (0.2ms)[0m  [1m[35mBEGIN[0m
  ↳ app/models/user.rb:46
  [1m[36mUser Exists (0.4ms)[0m  [1m[34mSELECT  1 AS one FROM "users" WHERE "users"."name" = $1 AND "users"."id" != $2 LIMIT $3[0m  [["name", "Ben"], ["id", 1], ["LIMIT", 1]]
  ↳ app/models/user.rb:46
  [1m[36mUser Update (0.4ms)[0m  [1m[33mUPDATE "users" SET "session_token" = $1, "updated_at" = $2 WHERE "users"."id" = $3[0m  [["session_token", "3fbA6-PtYO2PnRiZuBo65w"], ["updated_at", "2021-07-30 21:29:17.738272"], ["id", 1]]
  ↳ app/models/user.rb:46
  [1m[35m (3.6ms)[0m  [1m[35mCOMMIT[0m
  ↳ app/models/user.rb:46
Redirected to http://localhost:3000/users
Completed 302 Found in 246ms (ActiveRecord: 4.9ms)


Started GET "/users" for 127.0.0.1 at 2021-07-30 14:29:17 -0700
Processing by UsersController#index as HTML
  Rendering users/index.html.erb within layouts/application
  [1m[36mUser Load (0.3ms)[0m  [1m[34mSELECT "users".* FROM "users"[0m
  ↳ app/views/users/index.html.erb:4
  Rendered users/index.html.erb within layouts/application (2.6ms)
  [1m[36mUser Load (0.5ms)[0m  [1m[34mSELECT  "users".* FROM "users" WHERE "users"."session_token" = $1 LIMIT $2[0m  [["session_token", "3fbA6-PtYO2PnRiZuBo65w"], ["LIMIT", 1]]
  ↳ app/controllers/application_controller.rb:5
Completed 200 OK in 19ms (Views: 17.6ms | ActiveRecord: 0.8ms)


Started DELETE "/session" for 127.0.0.1 at 2021-07-30 14:29:18 -0700
Processing by SessionsController#destroy as HTML
  Parameters: {"authenticity_token"=>"QTQsRxWg1CrtuS+h0GDMWoAElSVOPIBrXz5YReEV//Sp4mfw85OWOqzAZoc24P+LtZsqacLMTfmnDb/K1hdqlA=="}
  [1m[36mUser Load (0.4ms)[0m  [1m[34mSELECT  "users".* FROM "users" WHERE "users"."session_token" = $1 LIMIT $2[0m  [["session_token", "3fbA6-PtYO2PnRiZuBo65w"], ["LIMIT", 1]]
  ↳ app/controllers/application_controller.rb:5
  [1m[35m (0.2ms)[0m  [1m[35mBEGIN[0m
  ↳ app/models/user.rb:46
  [1m[36mUser Exists (0.6ms)[0m  [1m[34mSELECT  1 AS one FROM "users" WHERE "users"."name" = $1 AND "users"."id" != $2 LIMIT $3[0m  [["name", "Ben"], ["id", 1], ["LIMIT", 1]]
  ↳ app/models/user.rb:46
  [1m[36mUser Update (0.6ms)[0m  [1m[33mUPDATE "users" SET "session_token" = $1, "updated_at" = $2 WHERE "users"."id" = $3[0m  [["session_token", "gKtH7mNVfTeqdjneTZ_Dqw"], ["updated_at", "2021-07-30 21:29:18.817237"], ["id", 1]]
  ↳ app/models/user.rb:46
  [1m[35m (32.1ms)[0m  [1m[35mCOMMIT[0m
  ↳ app/models/user.rb:46
Redirected to http://localhost:3000/session/new
Completed 302 Found in 42ms (ActiveRecord: 33.9ms)


Started GET "/session/new" for 127.0.0.1 at 2021-07-30 14:29:18 -0700
Processing by SessionsController#new as HTML
  Rendering sessions/new.html.erb within layouts/application
  Rendered sessions/new.html.erb within layouts/application (0.8ms)
  [1m[36mUser Load (0.4ms)[0m  [1m[34mSELECT  "users".* FROM "users" WHERE "users"."session_token" IS NULL LIMIT $1[0m  [["LIMIT", 1]]
  ↳ app/controllers/application_controller.rb:5
Completed 200 OK in 23ms (Views: 21.3ms | ActiveRecord: 0.4ms)


